{
	"start":	{
		"connected":	[{
				"socket":	5,
				"local_host":	"192.168.0.2",
				"local_port":	5201,
				"remote_host":	"192.168.0.1",
				"remote_port":	50660
			}],
		"version":	"iperf 3.1.3",
		"system_info":	"Linux wifi-VirtualBox 4.15.0-117-generic #118-Ubuntu SMP Fri Sep 4 20:02:41 UTC 2020 x86_64",
		"timestamp":	{
			"time":	"Thu, 01 Oct 2020 09:59:39 GMT",
			"timesecs":	1601546379
		},
		"accepted_connection":	{
			"host":	"192.168.0.1",
			"port":	38368
		},
		"cookie":	"wifi-VirtualBox.1601546379.784589.72",
		"test_start":	{
			"protocol":	"UDP",
			"num_streams":	1,
			"blksize":	8192,
			"omit":	0,
			"duration":	100,
			"bytes":	0,
			"blocks":	0,
			"reverse":	0
		}
	},
	"intervals":	[{
			"streams":	[{
					"socket":	5,
					"start":	0,
					"end":	1.000604,
					"seconds":	1.000604,
					"bytes":	122880,
					"bits_per_second":	982446.686436,
					"jitter_ms":	0.071817,
					"lost_packets":	0,
					"packets":	15,
					"lost_percent":	0,
					"omitted":	false
				}],
			"sum":	{
				"start":	0,
				"end":	1.000604,
				"seconds":	1.000604,
				"bytes":	122880,
				"bits_per_second":	982446.686436,
				"jitter_ms":	0.071817,
				"lost_packets":	0,
				"packets":	15,
				"lost_percent":	0,
				"omitted":	false
			}
		}, {
			"streams":	[{
					"socket":	5,
					"start":	1.000604,
					"end":	2.000157,
					"seconds":	0.999553,
					"bytes":	131072,
					"bits_per_second":	1049044.959641,
					"jitter_ms":	0.090216,
					"lost_packets":	0,
					"packets":	16,
					"lost_percent":	0,
					"omitted":	false
				}],
			"sum":	{
				"start":	1.000604,
				"end":	2.000157,
				"seconds":	0.999553,
				"bytes":	131072,
				"bits_per_second":	1049044.959641,
				"jitter_ms":	0.090216,
				"lost_packets":	0,
				"packets":	16,
				"lost_percent":	0,
				"omitted":	false
			}
		}, {
			"streams":	[{
					"socket":	5,
					"start":	2.000157,
					"end":	3.000185,
					"seconds":	1.000028,
					"bytes":	131072,
					"bits_per_second":	1048546.500830,
					"jitter_ms":	0.090303,
					"lost_packets":	0,
					"packets":	16,
					"lost_percent":	0,
					"omitted":	false
				}],
			"sum":	{
				"start":	2.000157,
				"end":	3.000185,
				"seconds":	1.000028,
				"bytes":	131072,
				"bits_per_second":	1048546.500830,
				"jitter_ms":	0.090303,
				"lost_packets":	0,
				"packets":	16,
				"lost_percent":	0,
				"omitted":	false
			}
		}, {
			"streams":	[{
					"socket":	5,
					"start":	3.000185,
					"end":	4.000407,
					"seconds":	1.000222,
					"bytes":	131072,
					"bits_per_second":	1048343.301652,
					"jitter_ms":	0.101835,
					"lost_packets":	0,
					"packets":	16,
					"lost_percent":	0,
					"omitted":	false
				}],
			"sum":	{
				"start":	3.000185,
				"end":	4.000407,
				"seconds":	1.000222,
				"bytes":	131072,
				"bits_per_second":	1048343.301652,
				"jitter_ms":	0.101835,
				"lost_packets":	0,
				"packets":	16,
				"lost_percent":	0,
				"omitted":	false
			}
		}, {
			"streams":	[{
					"socket":	5,
					"start":	4.000407,
					"end":	5.000042,
					"seconds":	0.999635,
					"bytes":	131072,
					"bits_per_second":	1048958.889762,
					"jitter_ms":	0.096030,
					"lost_packets":	0,
					"packets":	16,
					"lost_percent":	0,
					"omitted":	false
				}],
			"sum":	{
				"start":	4.000407,
				"end":	5.000042,
				"seconds":	0.999635,
				"bytes":	131072,
				"bits_per_second":	1048958.889762,
				"jitter_ms":	0.096030,
				"lost_packets":	0,
				"packets":	16,
				"lost_percent":	0,
				"omitted":	false
			}
		}, {
			"streams":	[{
					"socket":	5,
					"start":	5.000042,
					"end":	6.000312,
					"seconds":	1.000270,
					"bytes":	131072,
					"bits_per_second":	1048293.076358,
					"jitter_ms":	0.086499,
					"lost_packets":	0,
					"packets":	16,
					"lost_percent":	0,
					"omitted":	false
				}],
			"sum":	{
				"start":	5.000042,
				"end":	6.000312,
				"seconds":	1.000270,
				"bytes":	131072,
				"bits_per_second":	1048293.076358,
				"jitter_ms":	0.086499,
				"lost_packets":	0,
				"packets":	16,
				"lost_percent":	0,
				"omitted":	false
			}
		}, {
			"streams":	[{
					"socket":	5,
					"start":	6.000312,
					"end":	7.000830,
					"seconds":	1.000518,
					"bytes":	131072,
					"bits_per_second":	1048033.031303,
					"jitter_ms":	0.071553,
					"lost_packets":	0,
					"packets":	16,
					"lost_percent":	0,
					"omitted":	false
				}],
			"sum":	{
				"start":	6.000312,
				"end":	7.000830,
				"seconds":	1.000518,
				"bytes":	131072,
				"bits_per_second":	1048033.031303,
				"jitter_ms":	0.071553,
				"lost_packets":	0,
				"packets":	16,
				"lost_percent":	0,
				"omitted":	false
			}
		}, {
			"streams":	[{
					"socket":	5,
					"start":	7.000830,
					"end":	8.000497,
					"seconds":	0.999667,
					"bytes":	131072,
					"bits_per_second":	1048925.366364,
					"jitter_ms":	0.073052,
					"lost_packets":	0,
					"packets":	16,
					"lost_percent":	0,
					"omitted":	false
				}],
			"sum":	{
				"start":	7.000830,
				"end":	8.000497,
				"seconds":	0.999667,
				"bytes":	131072,
				"bits_per_second":	1048925.366364,
				"jitter_ms":	0.073052,
				"lost_packets":	0,
				"packets":	16,
				"lost_percent":	0,
				"omitted":	false
			}
		}, {
			"streams":	[{
					"socket":	5,
					"start":	8.000497,
					"end":	9.000710,
					"seconds":	1.000213,
					"bytes":	131072,
					"bits_per_second":	1048352.547628,
					"jitter_ms":	0.057557,
					"lost_packets":	0,
					"packets":	16,
					"lost_percent":	0,
					"omitted":	false
				}],
			"sum":	{
				"start":	8.000497,
				"end":	9.000710,
				"seconds":	1.000213,
				"bytes":	131072,
				"bits_per_second":	1048352.547628,
				"jitter_ms":	0.057557,
				"lost_packets":	0,
				"packets":	16,
				"lost_percent":	0,
				"omitted":	false
			}
		}, {
			"streams":	[{
					"socket":	5,
					"start":	9.000710,
					"end":	10.000557,
					"seconds":	0.999847,
					"bytes":	131072,
					"bits_per_second":	1048736.524571,
					"jitter_ms":	0.075923,
					"lost_packets":	0,
					"packets":	16,
					"lost_percent":	0,
					"omitted":	false
				}],
			"sum":	{
				"start":	9.000710,
				"end":	10.000557,
				"seconds":	0.999847,
				"bytes":	131072,
				"bits_per_second":	1048736.524571,
				"jitter_ms":	0.075923,
				"lost_packets":	0,
				"packets":	16,
				"lost_percent":	0,
				"omitted":	false
			}
		}, {
			"streams":	[{
					"socket":	5,
					"start":	10.000557,
					"end":	11.001103,
					"seconds":	1.000546,
					"bytes":	131072,
					"bits_per_second":	1048003.812402,
					"jitter_ms":	0.056606,
					"lost_packets":	0,
					"packets":	16,
					"lost_percent":	0,
					"omitted":	false
				}],
			"sum":	{
				"start":	10.000557,
				"end":	11.001103,
				"seconds":	1.000546,
				"bytes":	131072,
				"bits_per_second":	1048003.812402,
				"jitter_ms":	0.056606,
				"lost_packets":	0,
				"packets":	16,
				"lost_percent":	0,
				"omitted":	false
			}
		}, {
			"streams":	[{
					"socket":	5,
					"start":	11.001103,
					"end":	12.000528,
					"seconds":	0.999425,
					"bytes":	131072,
					"bits_per_second":	1049179.346964,
					"jitter_ms":	0.055485,
					"lost_packets":	0,
					"packets":	16,
					"lost_percent":	0,
					"omitted":	false
				}],
			"sum":	{
				"start":	11.001103,
				"end":	12.000528,
				"seconds":	0.999425,
				"bytes":	131072,
				"bits_per_second":	1049179.346964,
				"jitter_ms":	0.055485,
				"lost_packets":	0,
				"packets":	16,
				"lost_percent":	0,
				"omitted":	false
			}
		}, {
			"streams":	[{
					"socket":	5,
					"start":	12.000528,
					"end":	13.000488,
					"seconds":	0.999960,
					"bytes":	131072,
					"bits_per_second":	1048617.751662,
					"jitter_ms":	0.060841,
					"lost_packets":	0,
					"packets":	16,
					"lost_percent":	0,
					"omitted":	false
				}],
			"sum":	{
				"start":	12.000528,
				"end":	13.000488,
				"seconds":	0.999960,
				"bytes":	131072,
				"bits_per_second":	1048617.751662,
				"jitter_ms":	0.060841,
				"lost_packets":	0,
				"packets":	16,
				"lost_percent":	0,
				"omitted":	false
			}
		}, {
			"streams":	[{
					"socket":	5,
					"start":	13.000488,
					"end":	14.000459,
					"seconds":	0.999971,
					"bytes":	131072,
					"bits_per_second":	1048606.500887,
					"jitter_ms":	0.095843,
					"lost_packets":	0,
					"packets":	16,
					"lost_percent":	0,
					"omitted":	false
				}],
			"sum":	{
				"start":	13.000488,
				"end":	14.000459,
				"seconds":	0.999971,
				"bytes":	131072,
				"bits_per_second":	1048606.500887,
				"jitter_ms":	0.095843,
				"lost_packets":	0,
				"packets":	16,
				"lost_percent":	0,
				"omitted":	false
			}
		}, {
			"streams":	[{
					"socket":	5,
					"start":	14.000459,
					"end":	15.000243,
					"seconds":	0.999784,
					"bytes":	131072,
					"bits_per_second":	1048802.548936,
					"jitter_ms":	0.128018,
					"lost_packets":	0,
					"packets":	16,
					"lost_percent":	0,
					"omitted":	false
				}],
			"sum":	{
				"start":	14.000459,
				"end":	15.000243,
				"seconds":	0.999784,
				"bytes":	131072,
				"bits_per_second":	1048802.548936,
				"jitter_ms":	0.128018,
				"lost_packets":	0,
				"packets":	16,
				"lost_percent":	0,
				"omitted":	false
			}
		}, {
			"streams":	[{
					"socket":	5,
					"start":	15.000243,
					"end":	16.000894,
					"seconds":	1.000651,
					"bytes":	131072,
					"bits_per_second":	1047893.943939,
					"jitter_ms":	0.147517,
					"lost_packets":	0,
					"packets":	16,
					"lost_percent":	0,
					"omitted":	false
				}],
			"sum":	{
				"start":	15.000243,
				"end":	16.000894,
				"seconds":	1.000651,
				"bytes":	131072,
				"bits_per_second":	1047893.943939,
				"jitter_ms":	0.147517,
				"lost_packets":	0,
				"packets":	16,
				"lost_percent":	0,
				"omitted":	false
			}
		}, {
			"streams":	[{
					"socket":	5,
					"start":	16.000894,
					"end":	17.000478,
					"seconds":	0.999584,
					"bytes":	131072,
					"bits_per_second":	1049012.181365,
					"jitter_ms":	0.155966,
					"lost_packets":	0,
					"packets":	16,
					"lost_percent":	0,
					"omitted":	false
				}],
			"sum":	{
				"start":	16.000894,
				"end":	17.000478,
				"seconds":	0.999584,
				"bytes":	131072,
				"bits_per_second":	1049012.181365,
				"jitter_ms":	0.155966,
				"lost_packets":	0,
				"packets":	16,
				"lost_percent":	0,
				"omitted":	false
			}
		}, {
			"streams":	[{
					"socket":	5,
					"start":	17.000478,
					"end":	18.000232,
					"seconds":	0.999754,
					"bytes":	131072,
					"bits_per_second":	1048834.063496,
					"jitter_ms":	0.131038,
					"lost_packets":	0,
					"packets":	16,
					"lost_percent":	0,
					"omitted":	false
				}],
			"sum":	{
				"start":	17.000478,
				"end":	18.000232,
				"seconds":	0.999754,
				"bytes":	131072,
				"bits_per_second":	1048834.063496,
				"jitter_ms":	0.131038,
				"lost_packets":	0,
				"packets":	16,
				"lost_percent":	0,
				"omitted":	false
			}
		}, {
			"streams":	[{
					"socket":	5,
					"start":	18.000232,
					"end":	19.000387,
					"seconds":	1.000155,
					"bytes":	131072,
					"bits_per_second":	1048413.525179,
					"jitter_ms":	0.147552,
					"lost_packets":	0,
					"packets":	16,
					"lost_percent":	0,
					"omitted":	false
				}],
			"sum":	{
				"start":	18.000232,
				"end":	19.000387,
				"seconds":	1.000155,
				"bytes":	131072,
				"bits_per_second":	1048413.525179,
				"jitter_ms":	0.147552,
				"lost_packets":	0,
				"packets":	16,
				"lost_percent":	0,
				"omitted":	false
			}
		}, {
			"streams":	[{
					"socket":	5,
					"start":	19.000387,
					"end":	20.000166,
					"seconds":	0.999779,
					"bytes":	131072,
					"bits_per_second":	1048807.801231,
					"jitter_ms":	0.161859,
					"lost_packets":	0,
					"packets":	16,
					"lost_percent":	0,
					"omitted":	false
				}],
			"sum":	{
				"start":	19.000387,
				"end":	20.000166,
				"seconds":	0.999779,
				"bytes":	131072,
				"bits_per_second":	1048807.801231,
				"jitter_ms":	0.161859,
				"lost_packets":	0,
				"packets":	16,
				"lost_percent":	0,
				"omitted":	false
			}
		}, {
			"streams":	[{
					"socket":	5,
					"start":	20.000166,
					"end":	21.000193,
					"seconds":	1.000027,
					"bytes":	131072,
					"bits_per_second":	1048547.750761,
					"jitter_ms":	0.137026,
					"lost_packets":	0,
					"packets":	16,
					"lost_percent":	0,
					"omitted":	false
				}],
			"sum":	{
				"start":	20.000166,
				"end":	21.000193,
				"seconds":	1.000027,
				"bytes":	131072,
				"bits_per_second":	1048547.750761,
				"jitter_ms":	0.137026,
				"lost_packets":	0,
				"packets":	16,
				"lost_percent":	0,
				"omitted":	false
			}
		}, {
			"streams":	[{
					"socket":	5,
					"start":	21.000193,
					"end":	22.000719,
					"seconds":	1.000526,
					"bytes":	131072,
					"bits_per_second":	1048024.789910,
					"jitter_ms":	0.084305,
					"lost_packets":	0,
					"packets":	16,
					"lost_percent":	0,
					"omitted":	false
				}],
			"sum":	{
				"start":	21.000193,
				"end":	22.000719,
				"seconds":	1.000526,
				"bytes":	131072,
				"bits_per_second":	1048024.789910,
				"jitter_ms":	0.084305,
				"lost_packets":	0,
				"packets":	16,
				"lost_percent":	0,
				"omitted":	false
			}
		}, {
			"streams":	[{
					"socket":	5,
					"start":	22.000719,
					"end":	23.000143,
					"seconds":	0.999424,
					"bytes":	131072,
					"bits_per_second":	1049180.097828,
					"jitter_ms":	0.071808,
					"lost_packets":	0,
					"packets":	16,
					"lost_percent":	0,
					"omitted":	false
				}],
			"sum":	{
				"start":	22.000719,
				"end":	23.000143,
				"seconds":	0.999424,
				"bytes":	131072,
				"bits_per_second":	1049180.097828,
				"jitter_ms":	0.071808,
				"lost_packets":	0,
				"packets":	16,
				"lost_percent":	0,
				"omitted":	false
			}
		}, {
			"streams":	[{
					"socket":	5,
					"start":	23.000143,
					"end":	24.001202,
					"seconds":	1.001059,
					"bytes":	131072,
					"bits_per_second":	1047466.924308,
					"jitter_ms":	0.085375,
					"lost_packets":	0,
					"packets":	16,
					"lost_percent":	0,
					"omitted":	false
				}],
			"sum":	{
				"start":	23.000143,
				"end":	24.001202,
				"seconds":	1.001059,
				"bytes":	131072,
				"bits_per_second":	1047466.924308,
				"jitter_ms":	0.085375,
				"lost_packets":	0,
				"packets":	16,
				"lost_percent":	0,
				"omitted":	false
			}
		}, {
			"streams":	[{
					"socket":	5,
					"start":	24.001202,
					"end":	25.000374,
					"seconds":	0.999172,
					"bytes":	131072,
					"bits_per_second":	1049444.969531,
					"jitter_ms":	0.092729,
					"lost_packets":	0,
					"packets":	16,
					"lost_percent":	0,
					"omitted":	false
				}],
			"sum":	{
				"start":	24.001202,
				"end":	25.000374,
				"seconds":	0.999172,
				"bytes":	131072,
				"bits_per_second":	1049444.969531,
				"jitter_ms":	0.092729,
				"lost_packets":	0,
				"packets":	16,
				"lost_percent":	0,
				"omitted":	false
			}
		}, {
			"streams":	[{
					"socket":	5,
					"start":	25.000374,
					"end":	26.000639,
					"seconds":	1.000265,
					"bytes":	131072,
					"bits_per_second":	1048298.073684,
					"jitter_ms":	0.065167,
					"lost_packets":	0,
					"packets":	16,
					"lost_percent":	0,
					"omitted":	false
				}],
			"sum":	{
				"start":	25.000374,
				"end":	26.000639,
				"seconds":	1.000265,
				"bytes":	131072,
				"bits_per_second":	1048298.073684,
				"jitter_ms":	0.065167,
				"lost_packets":	0,
				"packets":	16,
				"lost_percent":	0,
				"omitted":	false
			}
		}, {
			"streams":	[{
					"socket":	5,
					"start":	26.000639,
					"end":	27.000529,
					"seconds":	0.999890,
					"bytes":	131072,
					"bits_per_second":	1048691.262669,
					"jitter_ms":	0.057392,
					"lost_packets":	0,
					"packets":	16,
					"lost_percent":	0,
					"omitted":	false
				}],
			"sum":	{
				"start":	26.000639,
				"end":	27.000529,
				"seconds":	0.999890,
				"bytes":	131072,
				"bits_per_second":	1048691.262669,
				"jitter_ms":	0.057392,
				"lost_packets":	0,
				"packets":	16,
				"lost_percent":	0,
				"omitted":	false
			}
		}, {
			"streams":	[{
					"socket":	5,
					"start":	27.000529,
					"end":	28.000223,
					"seconds":	0.999694,
					"bytes":	131072,
					"bits_per_second":	1048897.098298,
					"jitter_ms":	0.062095,
					"lost_packets":	0,
					"packets":	16,
					"lost_percent":	0,
					"omitted":	false
				}],
			"sum":	{
				"start":	27.000529,
				"end":	28.000223,
				"seconds":	0.999694,
				"bytes":	131072,
				"bits_per_second":	1048897.098298,
				"jitter_ms":	0.062095,
				"lost_packets":	0,
				"packets":	16,
				"lost_percent":	0,
				"omitted":	false
			}
		}, {
			"streams":	[{
					"socket":	5,
					"start":	28.000223,
					"end":	29.000088,
					"seconds":	0.999865,
					"bytes":	131072,
					"bits_per_second":	1048717.519097,
					"jitter_ms":	0.070637,
					"lost_packets":	0,
					"packets":	16,
					"lost_percent":	0,
					"omitted":	false
				}],
			"sum":	{
				"start":	28.000223,
				"end":	29.000088,
				"seconds":	0.999865,
				"bytes":	131072,
				"bits_per_second":	1048717.519097,
				"jitter_ms":	0.070637,
				"lost_packets":	0,
				"packets":	16,
				"lost_percent":	0,
				"omitted":	false
			}
		}, {
			"streams":	[{
					"socket":	5,
					"start":	29.000088,
					"end":	30.000907,
					"seconds":	1.000819,
					"bytes":	131072,
					"bits_per_second":	1047717.952713,
					"jitter_ms":	0.073875,
					"lost_packets":	0,
					"packets":	16,
					"lost_percent":	0,
					"omitted":	false
				}],
			"sum":	{
				"start":	29.000088,
				"end":	30.000907,
				"seconds":	1.000819,
				"bytes":	131072,
				"bits_per_second":	1047717.952713,
				"jitter_ms":	0.073875,
				"lost_packets":	0,
				"packets":	16,
				"lost_percent":	0,
				"omitted":	false
			}
		}, {
			"streams":	[{
					"socket":	5,
					"start":	30.000907,
					"end":	31.001031,
					"seconds":	1.000124,
					"bytes":	131072,
					"bits_per_second":	1048446.016115,
					"jitter_ms":	0.081836,
					"lost_packets":	0,
					"packets":	16,
					"lost_percent":	0,
					"omitted":	false
				}],
			"sum":	{
				"start":	30.000907,
				"end":	31.001031,
				"seconds":	1.000124,
				"bytes":	131072,
				"bits_per_second":	1048446.016115,
				"jitter_ms":	0.081836,
				"lost_packets":	0,
				"packets":	16,
				"lost_percent":	0,
				"omitted":	false
			}
		}, {
			"streams":	[{
					"socket":	5,
					"start":	31.001031,
					"end":	32.000442,
					"seconds":	0.999411,
					"bytes":	131072,
					"bits_per_second":	1049193.863856,
					"jitter_ms":	0.081636,
					"lost_packets":	0,
					"packets":	16,
					"lost_percent":	0,
					"omitted":	false
				}],
			"sum":	{
				"start":	31.001031,
				"end":	32.000442,
				"seconds":	0.999411,
				"bytes":	131072,
				"bits_per_second":	1049193.863856,
				"jitter_ms":	0.081636,
				"lost_packets":	0,
				"packets":	16,
				"lost_percent":	0,
				"omitted":	false
			}
		}, {
			"streams":	[{
					"socket":	5,
					"start":	32.000442,
					"end":	33.000740,
					"seconds":	1.000298,
					"bytes":	131072,
					"bits_per_second":	1048263.593105,
					"jitter_ms":	0.078443,
					"lost_packets":	0,
					"packets":	16,
					"lost_percent":	0,
					"omitted":	false
				}],
			"sum":	{
				"start":	32.000442,
				"end":	33.000740,
				"seconds":	1.000298,
				"bytes":	131072,
				"bits_per_second":	1048263.593105,
				"jitter_ms":	0.078443,
				"lost_packets":	0,
				"packets":	16,
				"lost_percent":	0,
				"omitted":	false
			}
		}, {
			"streams":	[{
					"socket":	5,
					"start":	33.000740,
					"end":	34.000109,
					"seconds":	0.999369,
					"bytes":	131072,
					"bits_per_second":	1049238.167890,
					"jitter_ms":	0.075683,
					"lost_packets":	0,
					"packets":	16,
					"lost_percent":	0,
					"omitted":	false
				}],
			"sum":	{
				"start":	33.000740,
				"end":	34.000109,
				"seconds":	0.999369,
				"bytes":	131072,
				"bits_per_second":	1049238.167890,
				"jitter_ms":	0.075683,
				"lost_packets":	0,
				"packets":	16,
				"lost_percent":	0,
				"omitted":	false
			}
		}, {
			"streams":	[{
					"socket":	5,
					"start":	34.000109,
					"end":	35.000091,
					"seconds":	0.999982,
					"bytes":	131072,
					"bits_per_second":	1048595.000344,
					"jitter_ms":	0.104402,
					"lost_packets":	0,
					"packets":	16,
					"lost_percent":	0,
					"omitted":	false
				}],
			"sum":	{
				"start":	34.000109,
				"end":	35.000091,
				"seconds":	0.999982,
				"bytes":	131072,
				"bits_per_second":	1048595.000344,
				"jitter_ms":	0.104402,
				"lost_packets":	0,
				"packets":	16,
				"lost_percent":	0,
				"omitted":	false
			}
		}, {
			"streams":	[{
					"socket":	5,
					"start":	35.000091,
					"end":	36.000068,
					"seconds":	0.999977,
					"bytes":	131072,
					"bits_per_second":	1048600.000549,
					"jitter_ms":	0.080144,
					"lost_packets":	0,
					"packets":	16,
					"lost_percent":	0,
					"omitted":	false
				}],
			"sum":	{
				"start":	35.000091,
				"end":	36.000068,
				"seconds":	0.999977,
				"bytes":	131072,
				"bits_per_second":	1048600.000549,
				"jitter_ms":	0.080144,
				"lost_packets":	0,
				"packets":	16,
				"lost_percent":	0,
				"omitted":	false
			}
		}, {
			"streams":	[{
					"socket":	5,
					"start":	36.000068,
					"end":	37.000257,
					"seconds":	1.000189,
					"bytes":	131072,
					"bits_per_second":	1048377.787475,
					"jitter_ms":	0.070641,
					"lost_packets":	0,
					"packets":	16,
					"lost_percent":	0,
					"omitted":	false
				}],
			"sum":	{
				"start":	36.000068,
				"end":	37.000257,
				"seconds":	1.000189,
				"bytes":	131072,
				"bits_per_second":	1048377.787475,
				"jitter_ms":	0.070641,
				"lost_packets":	0,
				"packets":	16,
				"lost_percent":	0,
				"omitted":	false
			}
		}, {
			"streams":	[{
					"socket":	5,
					"start":	37.000257,
					"end":	38.013035,
					"seconds":	1.012778,
					"bytes":	131072,
					"bits_per_second":	1035346.543421,
					"jitter_ms":	0.069883,
					"lost_packets":	0,
					"packets":	16,
					"lost_percent":	0,
					"omitted":	false
				}],
			"sum":	{
				"start":	37.000257,
				"end":	38.013035,
				"seconds":	1.012778,
				"bytes":	131072,
				"bits_per_second":	1035346.543421,
				"jitter_ms":	0.069883,
				"lost_packets":	0,
				"packets":	16,
				"lost_percent":	0,
				"omitted":	false
			}
		}, {
			"streams":	[{
					"socket":	5,
					"start":	38.013035,
					"end":	39.000138,
					"seconds":	0.987103,
					"bytes":	131072,
					"bits_per_second":	1062275.934996,
					"jitter_ms":	0.073392,
					"lost_packets":	0,
					"packets":	16,
					"lost_percent":	0,
					"omitted":	false
				}],
			"sum":	{
				"start":	38.013035,
				"end":	39.000138,
				"seconds":	0.987103,
				"bytes":	131072,
				"bits_per_second":	1062275.934996,
				"jitter_ms":	0.073392,
				"lost_packets":	0,
				"packets":	16,
				"lost_percent":	0,
				"omitted":	false
			}
		}, {
			"streams":	[{
					"socket":	5,
					"start":	39.000138,
					"end":	40.004872,
					"seconds":	1.004734,
					"bytes":	131072,
					"bits_per_second":	1043635.636696,
					"jitter_ms":	0.103387,
					"lost_packets":	0,
					"packets":	16,
					"lost_percent":	0,
					"omitted":	false
				}],
			"sum":	{
				"start":	39.000138,
				"end":	40.004872,
				"seconds":	1.004734,
				"bytes":	131072,
				"bits_per_second":	1043635.636696,
				"jitter_ms":	0.103387,
				"lost_packets":	0,
				"packets":	16,
				"lost_percent":	0,
				"omitted":	false
			}
		}, {
			"streams":	[{
					"socket":	5,
					"start":	40.004872,
					"end":	41.000484,
					"seconds":	0.995612,
					"bytes":	131072,
					"bits_per_second":	1053197.277498,
					"jitter_ms":	0.100940,
					"lost_packets":	0,
					"packets":	16,
					"lost_percent":	0,
					"omitted":	false
				}],
			"sum":	{
				"start":	40.004872,
				"end":	41.000484,
				"seconds":	0.995612,
				"bytes":	131072,
				"bits_per_second":	1053197.277498,
				"jitter_ms":	0.100940,
				"lost_packets":	0,
				"packets":	16,
				"lost_percent":	0,
				"omitted":	false
			}
		}, {
			"streams":	[{
					"socket":	5,
					"start":	41.000484,
					"end":	42.000685,
					"seconds":	1.000201,
					"bytes":	131072,
					"bits_per_second":	1048365.292349,
					"jitter_ms":	0.091628,
					"lost_packets":	0,
					"packets":	16,
					"lost_percent":	0,
					"omitted":	false
				}],
			"sum":	{
				"start":	41.000484,
				"end":	42.000685,
				"seconds":	1.000201,
				"bytes":	131072,
				"bits_per_second":	1048365.292349,
				"jitter_ms":	0.091628,
				"lost_packets":	0,
				"packets":	16,
				"lost_percent":	0,
				"omitted":	false
			}
		}, {
			"streams":	[{
					"socket":	5,
					"start":	42.000685,
					"end":	43.000410,
					"seconds":	0.999725,
					"bytes":	131072,
					"bits_per_second":	1048864.579398,
					"jitter_ms":	0.092200,
					"lost_packets":	0,
					"packets":	16,
					"lost_percent":	0,
					"omitted":	false
				}],
			"sum":	{
				"start":	42.000685,
				"end":	43.000410,
				"seconds":	0.999725,
				"bytes":	131072,
				"bits_per_second":	1048864.579398,
				"jitter_ms":	0.092200,
				"lost_packets":	0,
				"packets":	16,
				"lost_percent":	0,
				"omitted":	false
			}
		}, {
			"streams":	[{
					"socket":	5,
					"start":	43.000410,
					"end":	44.000037,
					"seconds":	0.999627,
					"bytes":	131072,
					"bits_per_second":	1048967.145853,
					"jitter_ms":	0.088377,
					"lost_packets":	0,
					"packets":	16,
					"lost_percent":	0,
					"omitted":	false
				}],
			"sum":	{
				"start":	43.000410,
				"end":	44.000037,
				"seconds":	0.999627,
				"bytes":	131072,
				"bits_per_second":	1048967.145853,
				"jitter_ms":	0.088377,
				"lost_packets":	0,
				"packets":	16,
				"lost_percent":	0,
				"omitted":	false
			}
		}, {
			"streams":	[{
					"socket":	5,
					"start":	44.000037,
					"end":	45.000092,
					"seconds":	1.000055,
					"bytes":	131072,
					"bits_per_second":	1048518.253180,
					"jitter_ms":	0.068473,
					"lost_packets":	0,
					"packets":	16,
					"lost_percent":	0,
					"omitted":	false
				}],
			"sum":	{
				"start":	44.000037,
				"end":	45.000092,
				"seconds":	1.000055,
				"bytes":	131072,
				"bits_per_second":	1048518.253180,
				"jitter_ms":	0.068473,
				"lost_packets":	0,
				"packets":	16,
				"lost_percent":	0,
				"omitted":	false
			}
		}, {
			"streams":	[{
					"socket":	5,
					"start":	45.000092,
					"end":	46.000423,
					"seconds":	1.000331,
					"bytes":	131072,
					"bits_per_second":	1048229.114793,
					"jitter_ms":	0.085650,
					"lost_packets":	0,
					"packets":	16,
					"lost_percent":	0,
					"omitted":	false
				}],
			"sum":	{
				"start":	45.000092,
				"end":	46.000423,
				"seconds":	1.000331,
				"bytes":	131072,
				"bits_per_second":	1048229.114793,
				"jitter_ms":	0.085650,
				"lost_packets":	0,
				"packets":	16,
				"lost_percent":	0,
				"omitted":	false
			}
		}, {
			"streams":	[{
					"socket":	5,
					"start":	46.000423,
					"end":	47.000325,
					"seconds":	0.999902,
					"bytes":	131072,
					"bits_per_second":	1048678.760069,
					"jitter_ms":	0.091741,
					"lost_packets":	0,
					"packets":	16,
					"lost_percent":	0,
					"omitted":	false
				}],
			"sum":	{
				"start":	46.000423,
				"end":	47.000325,
				"seconds":	0.999902,
				"bytes":	131072,
				"bits_per_second":	1048678.760069,
				"jitter_ms":	0.091741,
				"lost_packets":	0,
				"packets":	16,
				"lost_percent":	0,
				"omitted":	false
			}
		}, {
			"streams":	[{
					"socket":	5,
					"start":	47.000325,
					"end":	48.000550,
					"seconds":	1.000225,
					"bytes":	131072,
					"bits_per_second":	1048340.053104,
					"jitter_ms":	0.064942,
					"lost_packets":	0,
					"packets":	16,
					"lost_percent":	0,
					"omitted":	false
				}],
			"sum":	{
				"start":	47.000325,
				"end":	48.000550,
				"seconds":	1.000225,
				"bytes":	131072,
				"bits_per_second":	1048340.053104,
				"jitter_ms":	0.064942,
				"lost_packets":	0,
				"packets":	16,
				"lost_percent":	0,
				"omitted":	false
			}
		}, {
			"streams":	[{
					"socket":	5,
					"start":	48.000550,
					"end":	49.004025,
					"seconds":	1.003475,
					"bytes":	131072,
					"bits_per_second":	1044944.868005,
					"jitter_ms":	0.077658,
					"lost_packets":	0,
					"packets":	16,
					"lost_percent":	0,
					"omitted":	false
				}],
			"sum":	{
				"start":	48.000550,
				"end":	49.004025,
				"seconds":	1.003475,
				"bytes":	131072,
				"bits_per_second":	1044944.868005,
				"jitter_ms":	0.077658,
				"lost_packets":	0,
				"packets":	16,
				"lost_percent":	0,
				"omitted":	false
			}
		}, {
			"streams":	[{
					"socket":	5,
					"start":	49.004025,
					"end":	50.000336,
					"seconds":	0.996311,
					"bytes":	131072,
					"bits_per_second":	1052458.573009,
					"jitter_ms":	0.077260,
					"lost_packets":	0,
					"packets":	16,
					"lost_percent":	0,
					"omitted":	false
				}],
			"sum":	{
				"start":	49.004025,
				"end":	50.000336,
				"seconds":	0.996311,
				"bytes":	131072,
				"bits_per_second":	1052458.573009,
				"jitter_ms":	0.077260,
				"lost_packets":	0,
				"packets":	16,
				"lost_percent":	0,
				"omitted":	false
			}
		}, {
			"streams":	[{
					"socket":	5,
					"start":	50.000336,
					"end":	51.000529,
					"seconds":	1.000193,
					"bytes":	131072,
					"bits_per_second":	1048373.539099,
					"jitter_ms":	0.101776,
					"lost_packets":	0,
					"packets":	16,
					"lost_percent":	0,
					"omitted":	false
				}],
			"sum":	{
				"start":	50.000336,
				"end":	51.000529,
				"seconds":	1.000193,
				"bytes":	131072,
				"bits_per_second":	1048373.539099,
				"jitter_ms":	0.101776,
				"lost_packets":	0,
				"packets":	16,
				"lost_percent":	0,
				"omitted":	false
			}
		}, {
			"streams":	[{
					"socket":	5,
					"start":	51.000529,
					"end":	52.000098,
					"seconds":	0.999569,
					"bytes":	131072,
					"bits_per_second":	1049028.194924,
					"jitter_ms":	0.110886,
					"lost_packets":	0,
					"packets":	16,
					"lost_percent":	0,
					"omitted":	false
				}],
			"sum":	{
				"start":	51.000529,
				"end":	52.000098,
				"seconds":	0.999569,
				"bytes":	131072,
				"bits_per_second":	1049028.194924,
				"jitter_ms":	0.110886,
				"lost_packets":	0,
				"packets":	16,
				"lost_percent":	0,
				"omitted":	false
			}
		}, {
			"streams":	[{
					"socket":	5,
					"start":	52.000098,
					"end":	53.000102,
					"seconds":	1.000004,
					"bytes":	131072,
					"bits_per_second":	1048571.750017,
					"jitter_ms":	0.109748,
					"lost_packets":	0,
					"packets":	16,
					"lost_percent":	0,
					"omitted":	false
				}],
			"sum":	{
				"start":	52.000098,
				"end":	53.000102,
				"seconds":	1.000004,
				"bytes":	131072,
				"bits_per_second":	1048571.750017,
				"jitter_ms":	0.109748,
				"lost_packets":	0,
				"packets":	16,
				"lost_percent":	0,
				"omitted":	false
			}
		}, {
			"streams":	[{
					"socket":	5,
					"start":	53.000102,
					"end":	54.000305,
					"seconds":	1.000203,
					"bytes":	131072,
					"bits_per_second":	1048363.293157,
					"jitter_ms":	0.098759,
					"lost_packets":	0,
					"packets":	16,
					"lost_percent":	0,
					"omitted":	false
				}],
			"sum":	{
				"start":	53.000102,
				"end":	54.000305,
				"seconds":	1.000203,
				"bytes":	131072,
				"bits_per_second":	1048363.293157,
				"jitter_ms":	0.098759,
				"lost_packets":	0,
				"packets":	16,
				"lost_percent":	0,
				"omitted":	false
			}
		}, {
			"streams":	[{
					"socket":	5,
					"start":	54.000305,
					"end":	55.001128,
					"seconds":	1.000823,
					"bytes":	131072,
					"bits_per_second":	1047713.709683,
					"jitter_ms":	0.088556,
					"lost_packets":	0,
					"packets":	16,
					"lost_percent":	0,
					"omitted":	false
				}],
			"sum":	{
				"start":	54.000305,
				"end":	55.001128,
				"seconds":	1.000823,
				"bytes":	131072,
				"bits_per_second":	1047713.709683,
				"jitter_ms":	0.088556,
				"lost_packets":	0,
				"packets":	16,
				"lost_percent":	0,
				"omitted":	false
			}
		}, {
			"streams":	[{
					"socket":	5,
					"start":	55.001128,
					"end":	56.004592,
					"seconds":	1.003464,
					"bytes":	131072,
					"bits_per_second":	1044956.288621,
					"jitter_ms":	0.114833,
					"lost_packets":	0,
					"packets":	16,
					"lost_percent":	0,
					"omitted":	false
				}],
			"sum":	{
				"start":	55.001128,
				"end":	56.004592,
				"seconds":	1.003464,
				"bytes":	131072,
				"bits_per_second":	1044956.288621,
				"jitter_ms":	0.114833,
				"lost_packets":	0,
				"packets":	16,
				"lost_percent":	0,
				"omitted":	false
			}
		}, {
			"streams":	[{
					"socket":	5,
					"start":	56.004592,
					"end":	57.000851,
					"seconds":	0.996259,
					"bytes":	131072,
					"bits_per_second":	1052513.480216,
					"jitter_ms":	0.149899,
					"lost_packets":	0,
					"packets":	16,
					"lost_percent":	0,
					"omitted":	false
				}],
			"sum":	{
				"start":	56.004592,
				"end":	57.000851,
				"seconds":	0.996259,
				"bytes":	131072,
				"bits_per_second":	1052513.480216,
				"jitter_ms":	0.149899,
				"lost_packets":	0,
				"packets":	16,
				"lost_percent":	0,
				"omitted":	false
			}
		}, {
			"streams":	[{
					"socket":	5,
					"start":	57.000851,
					"end":	58.000371,
					"seconds":	0.999520,
					"bytes":	131072,
					"bits_per_second":	1049079.491644,
					"jitter_ms":	0.098512,
					"lost_packets":	0,
					"packets":	16,
					"lost_percent":	0,
					"omitted":	false
				}],
			"sum":	{
				"start":	57.000851,
				"end":	58.000371,
				"seconds":	0.999520,
				"bytes":	131072,
				"bits_per_second":	1049079.491644,
				"jitter_ms":	0.098512,
				"lost_packets":	0,
				"packets":	16,
				"lost_percent":	0,
				"omitted":	false
			}
		}, {
			"streams":	[{
					"socket":	5,
					"start":	58.000371,
					"end":	59.019764,
					"seconds":	1.019393,
					"bytes":	131072,
					"bits_per_second":	1028627.853746,
					"jitter_ms":	0.111038,
					"lost_packets":	0,
					"packets":	16,
					"lost_percent":	0,
					"omitted":	false
				}],
			"sum":	{
				"start":	58.000371,
				"end":	59.019764,
				"seconds":	1.019393,
				"bytes":	131072,
				"bits_per_second":	1028627.853746,
				"jitter_ms":	0.111038,
				"lost_packets":	0,
				"packets":	16,
				"lost_percent":	0,
				"omitted":	false
			}
		}, {
			"streams":	[{
					"socket":	5,
					"start":	59.019764,
					"end":	60.014566,
					"seconds":	0.994802,
					"bytes":	131072,
					"bits_per_second":	1054054.979747,
					"jitter_ms":	0.150121,
					"lost_packets":	0,
					"packets":	16,
					"lost_percent":	0,
					"omitted":	false
				}],
			"sum":	{
				"start":	59.019764,
				"end":	60.014566,
				"seconds":	0.994802,
				"bytes":	131072,
				"bits_per_second":	1054054.979747,
				"jitter_ms":	0.150121,
				"lost_packets":	0,
				"packets":	16,
				"lost_percent":	0,
				"omitted":	false
			}
		}, {
			"streams":	[{
					"socket":	5,
					"start":	60.014566,
					"end":	61.000349,
					"seconds":	0.985783,
					"bytes":	139264,
					"bits_per_second":	1130179.650935,
					"jitter_ms":	0.165120,
					"lost_packets":	0,
					"packets":	17,
					"lost_percent":	0,
					"omitted":	false
				}],
			"sum":	{
				"start":	60.014566,
				"end":	61.000349,
				"seconds":	0.985783,
				"bytes":	139264,
				"bits_per_second":	1130179.650935,
				"jitter_ms":	0.165120,
				"lost_packets":	0,
				"packets":	17,
				"lost_percent":	0,
				"omitted":	false
			}
		}, {
			"streams":	[{
					"socket":	5,
					"start":	61.000349,
					"end":	62.018171,
					"seconds":	1.017822,
					"bytes":	122880,
					"bits_per_second":	965827.231082,
					"jitter_ms":	0.142932,
					"lost_packets":	0,
					"packets":	15,
					"lost_percent":	0,
					"omitted":	false
				}],
			"sum":	{
				"start":	61.000349,
				"end":	62.018171,
				"seconds":	1.017822,
				"bytes":	122880,
				"bits_per_second":	965827.231082,
				"jitter_ms":	0.142932,
				"lost_packets":	0,
				"packets":	15,
				"lost_percent":	0,
				"omitted":	false
			}
		}, {
			"streams":	[{
					"socket":	5,
					"start":	62.018171,
					"end":	63.017951,
					"seconds":	0.999780,
					"bytes":	131072,
					"bits_per_second":	1048806.550680,
					"jitter_ms":	0.171399,
					"lost_packets":	0,
					"packets":	16,
					"lost_percent":	0,
					"omitted":	false
				}],
			"sum":	{
				"start":	62.018171,
				"end":	63.017951,
				"seconds":	0.999780,
				"bytes":	131072,
				"bits_per_second":	1048806.550680,
				"jitter_ms":	0.171399,
				"lost_packets":	0,
				"packets":	16,
				"lost_percent":	0,
				"omitted":	false
			}
		}, {
			"streams":	[{
					"socket":	5,
					"start":	63.017951,
					"end":	64.002415,
					"seconds":	0.984464,
					"bytes":	131072,
					"bits_per_second":	1065123.838373,
					"jitter_ms":	0.182552,
					"lost_packets":	0,
					"packets":	16,
					"lost_percent":	0,
					"omitted":	false
				}],
			"sum":	{
				"start":	63.017951,
				"end":	64.002415,
				"seconds":	0.984464,
				"bytes":	131072,
				"bits_per_second":	1065123.838373,
				"jitter_ms":	0.182552,
				"lost_packets":	0,
				"packets":	16,
				"lost_percent":	0,
				"omitted":	false
			}
		}, {
			"streams":	[{
					"socket":	5,
					"start":	64.002415,
					"end":	65.106482,
					"seconds":	1.104067,
					"bytes":	139264,
					"bits_per_second":	1009098.100055,
					"jitter_ms":	0.170386,
					"lost_packets":	0,
					"packets":	17,
					"lost_percent":	0,
					"omitted":	false
				}],
			"sum":	{
				"start":	64.002415,
				"end":	65.106482,
				"seconds":	1.104067,
				"bytes":	139264,
				"bits_per_second":	1009098.100055,
				"jitter_ms":	0.170386,
				"lost_packets":	0,
				"packets":	17,
				"lost_percent":	0,
				"omitted":	false
			}
		}, {
			"streams":	[{
					"socket":	5,
					"start":	65.106482,
					"end":	66.170035,
					"seconds":	1.063553,
					"bytes":	114688,
					"bits_per_second":	862678.328058,
					"jitter_ms":	0.113784,
					"lost_packets":	0,
					"packets":	14,
					"lost_percent":	0,
					"omitted":	false
				}],
			"sum":	{
				"start":	65.106482,
				"end":	66.170035,
				"seconds":	1.063553,
				"bytes":	114688,
				"bits_per_second":	862678.328058,
				"jitter_ms":	0.113784,
				"lost_packets":	0,
				"packets":	14,
				"lost_percent":	0,
				"omitted":	false
			}
		}, {
			"streams":	[{
					"socket":	5,
					"start":	66.170035,
					"end":	67.005220,
					"seconds":	0.835185,
					"bytes":	139264,
					"bits_per_second":	1333970.236552,
					"jitter_ms":	0.142483,
					"lost_packets":	0,
					"packets":	17,
					"lost_percent":	0,
					"omitted":	false
				}],
			"sum":	{
				"start":	66.170035,
				"end":	67.005220,
				"seconds":	0.835185,
				"bytes":	139264,
				"bits_per_second":	1333970.236552,
				"jitter_ms":	0.142483,
				"lost_packets":	0,
				"packets":	17,
				"lost_percent":	0,
				"omitted":	false
			}
		}, {
			"streams":	[{
					"socket":	5,
					"start":	67.005220,
					"end":	68.012526,
					"seconds":	1.007306,
					"bytes":	131072,
					"bits_per_second":	1040970.566053,
					"jitter_ms":	0.108731,
					"lost_packets":	0,
					"packets":	16,
					"lost_percent":	0,
					"omitted":	false
				}],
			"sum":	{
				"start":	67.005220,
				"end":	68.012526,
				"seconds":	1.007306,
				"bytes":	131072,
				"bits_per_second":	1040970.566053,
				"jitter_ms":	0.108731,
				"lost_packets":	0,
				"packets":	16,
				"lost_percent":	0,
				"omitted":	false
			}
		}, {
			"streams":	[{
					"socket":	5,
					"start":	68.012526,
					"end":	69.000417,
					"seconds":	0.987891,
					"bytes":	131072,
					"bits_per_second":	1061428.886128,
					"jitter_ms":	0.178461,
					"lost_packets":	0,
					"packets":	16,
					"lost_percent":	0,
					"omitted":	false
				}],
			"sum":	{
				"start":	68.012526,
				"end":	69.000417,
				"seconds":	0.987891,
				"bytes":	131072,
				"bits_per_second":	1061428.886128,
				"jitter_ms":	0.178461,
				"lost_packets":	0,
				"packets":	16,
				"lost_percent":	0,
				"omitted":	false
			}
		}, {
			"streams":	[{
					"socket":	5,
					"start":	69.000417,
					"end":	70.000233,
					"seconds":	0.999816,
					"bytes":	131072,
					"bits_per_second":	1048769.035530,
					"jitter_ms":	0.171296,
					"lost_packets":	0,
					"packets":	16,
					"lost_percent":	0,
					"omitted":	false
				}],
			"sum":	{
				"start":	69.000417,
				"end":	70.000233,
				"seconds":	0.999816,
				"bytes":	131072,
				"bits_per_second":	1048769.035530,
				"jitter_ms":	0.171296,
				"lost_packets":	0,
				"packets":	16,
				"lost_percent":	0,
				"omitted":	false
			}
		}, {
			"streams":	[{
					"socket":	5,
					"start":	70.000233,
					"end":	71.002169,
					"seconds":	1.001936,
					"bytes":	131072,
					"bits_per_second":	1046549.922403,
					"jitter_ms":	0.147286,
					"lost_packets":	0,
					"packets":	16,
					"lost_percent":	0,
					"omitted":	false
				}],
			"sum":	{
				"start":	70.000233,
				"end":	71.002169,
				"seconds":	1.001936,
				"bytes":	131072,
				"bits_per_second":	1046549.922403,
				"jitter_ms":	0.147286,
				"lost_packets":	0,
				"packets":	16,
				"lost_percent":	0,
				"omitted":	false
			}
		}, {
			"streams":	[{
					"socket":	5,
					"start":	71.002169,
					"end":	72.021005,
					"seconds":	1.018836,
					"bytes":	131072,
					"bits_per_second":	1029190.152244,
					"jitter_ms":	0.137402,
					"lost_packets":	0,
					"packets":	16,
					"lost_percent":	0,
					"omitted":	false
				}],
			"sum":	{
				"start":	71.002169,
				"end":	72.021005,
				"seconds":	1.018836,
				"bytes":	131072,
				"bits_per_second":	1029190.152244,
				"jitter_ms":	0.137402,
				"lost_packets":	0,
				"packets":	16,
				"lost_percent":	0,
				"omitted":	false
			}
		}, {
			"streams":	[{
					"socket":	5,
					"start":	72.021005,
					"end":	73.003028,
					"seconds":	0.982023,
					"bytes":	131072,
					"bits_per_second":	1067771.324332,
					"jitter_ms":	0.160134,
					"lost_packets":	0,
					"packets":	16,
					"lost_percent":	0,
					"omitted":	false
				}],
			"sum":	{
				"start":	72.021005,
				"end":	73.003028,
				"seconds":	0.982023,
				"bytes":	131072,
				"bits_per_second":	1067771.324332,
				"jitter_ms":	0.160134,
				"lost_packets":	0,
				"packets":	16,
				"lost_percent":	0,
				"omitted":	false
			}
		}, {
			"streams":	[{
					"socket":	5,
					"start":	73.003028,
					"end":	74.004105,
					"seconds":	1.001077,
					"bytes":	131072,
					"bits_per_second":	1047447.964823,
					"jitter_ms":	0.233074,
					"lost_packets":	0,
					"packets":	16,
					"lost_percent":	0,
					"omitted":	false
				}],
			"sum":	{
				"start":	73.003028,
				"end":	74.004105,
				"seconds":	1.001077,
				"bytes":	131072,
				"bits_per_second":	1047447.964823,
				"jitter_ms":	0.233074,
				"lost_packets":	0,
				"packets":	16,
				"lost_percent":	0,
				"omitted":	false
			}
		}, {
			"streams":	[{
					"socket":	5,
					"start":	74.004105,
					"end":	75.000619,
					"seconds":	0.996514,
					"bytes":	131072,
					"bits_per_second":	1052244.036475,
					"jitter_ms":	0.171905,
					"lost_packets":	0,
					"packets":	16,
					"lost_percent":	0,
					"omitted":	false
				}],
			"sum":	{
				"start":	74.004105,
				"end":	75.000619,
				"seconds":	0.996514,
				"bytes":	131072,
				"bits_per_second":	1052244.036475,
				"jitter_ms":	0.171905,
				"lost_packets":	0,
				"packets":	16,
				"lost_percent":	0,
				"omitted":	false
			}
		}, {
			"streams":	[{
					"socket":	5,
					"start":	75.000619,
					"end":	76.000346,
					"seconds":	0.999727,
					"bytes":	131072,
					"bits_per_second":	1048862.328165,
					"jitter_ms":	0.155983,
					"lost_packets":	0,
					"packets":	16,
					"lost_percent":	0,
					"omitted":	false
				}],
			"sum":	{
				"start":	75.000619,
				"end":	76.000346,
				"seconds":	0.999727,
				"bytes":	131072,
				"bits_per_second":	1048862.328165,
				"jitter_ms":	0.155983,
				"lost_packets":	0,
				"packets":	16,
				"lost_percent":	0,
				"omitted":	false
			}
		}, {
			"streams":	[{
					"socket":	5,
					"start":	76.000346,
					"end":	77.004638,
					"seconds":	1.004292,
					"bytes":	131072,
					"bits_per_second":	1044094.733646,
					"jitter_ms":	0.155854,
					"lost_packets":	0,
					"packets":	16,
					"lost_percent":	0,
					"omitted":	false
				}],
			"sum":	{
				"start":	76.000346,
				"end":	77.004638,
				"seconds":	1.004292,
				"bytes":	131072,
				"bits_per_second":	1044094.733646,
				"jitter_ms":	0.155854,
				"lost_packets":	0,
				"packets":	16,
				"lost_percent":	0,
				"omitted":	false
			}
		}, {
			"streams":	[{
					"socket":	5,
					"start":	77.004638,
					"end":	78.004063,
					"seconds":	0.999425,
					"bytes":	131072,
					"bits_per_second":	1049179.346964,
					"jitter_ms":	0.137570,
					"lost_packets":	0,
					"packets":	16,
					"lost_percent":	0,
					"omitted":	false
				}],
			"sum":	{
				"start":	77.004638,
				"end":	78.004063,
				"seconds":	0.999425,
				"bytes":	131072,
				"bits_per_second":	1049179.346964,
				"jitter_ms":	0.137570,
				"lost_packets":	0,
				"packets":	16,
				"lost_percent":	0,
				"omitted":	false
			}
		}, {
			"streams":	[{
					"socket":	5,
					"start":	78.004063,
					"end":	79.006817,
					"seconds":	1.002754,
					"bytes":	131072,
					"bits_per_second":	1045696.180944,
					"jitter_ms":	0.099820,
					"lost_packets":	0,
					"packets":	16,
					"lost_percent":	0,
					"omitted":	false
				}],
			"sum":	{
				"start":	78.004063,
				"end":	79.006817,
				"seconds":	1.002754,
				"bytes":	131072,
				"bits_per_second":	1045696.180944,
				"jitter_ms":	0.099820,
				"lost_packets":	0,
				"packets":	16,
				"lost_percent":	0,
				"omitted":	false
			}
		}, {
			"streams":	[{
					"socket":	5,
					"start":	79.006817,
					"end":	80.019746,
					"seconds":	1.012929,
					"bytes":	131072,
					"bits_per_second":	1035192.040711,
					"jitter_ms":	0.094111,
					"lost_packets":	0,
					"packets":	16,
					"lost_percent":	0,
					"omitted":	false
				}],
			"sum":	{
				"start":	79.006817,
				"end":	80.019746,
				"seconds":	1.012929,
				"bytes":	131072,
				"bits_per_second":	1035192.040711,
				"jitter_ms":	0.094111,
				"lost_packets":	0,
				"packets":	16,
				"lost_percent":	0,
				"omitted":	false
			}
		}, {
			"streams":	[{
					"socket":	5,
					"start":	80.019746,
					"end":	81.000392,
					"seconds":	0.980646,
					"bytes":	131072,
					"bits_per_second":	1069270.518959,
					"jitter_ms":	0.103067,
					"lost_packets":	0,
					"packets":	16,
					"lost_percent":	0,
					"omitted":	false
				}],
			"sum":	{
				"start":	80.019746,
				"end":	81.000392,
				"seconds":	0.980646,
				"bytes":	131072,
				"bits_per_second":	1069270.518959,
				"jitter_ms":	0.103067,
				"lost_packets":	0,
				"packets":	16,
				"lost_percent":	0,
				"omitted":	false
			}
		}, {
			"streams":	[{
					"socket":	5,
					"start":	81.000392,
					"end":	82.005756,
					"seconds":	1.005364,
					"bytes":	131072,
					"bits_per_second":	1042981.508523,
					"jitter_ms":	0.083665,
					"lost_packets":	0,
					"packets":	16,
					"lost_percent":	0,
					"omitted":	false
				}],
			"sum":	{
				"start":	81.000392,
				"end":	82.005756,
				"seconds":	1.005364,
				"bytes":	131072,
				"bits_per_second":	1042981.508523,
				"jitter_ms":	0.083665,
				"lost_packets":	0,
				"packets":	16,
				"lost_percent":	0,
				"omitted":	false
			}
		}, {
			"streams":	[{
					"socket":	5,
					"start":	82.005756,
					"end":	83.005545,
					"seconds":	0.999789,
					"bytes":	131072,
					"bits_per_second":	1048797.296694,
					"jitter_ms":	0.080215,
					"lost_packets":	0,
					"packets":	16,
					"lost_percent":	0,
					"omitted":	false
				}],
			"sum":	{
				"start":	82.005756,
				"end":	83.005545,
				"seconds":	0.999789,
				"bytes":	131072,
				"bits_per_second":	1048797.296694,
				"jitter_ms":	0.080215,
				"lost_packets":	0,
				"packets":	16,
				"lost_percent":	0,
				"omitted":	false
			}
		}, {
			"streams":	[{
					"socket":	5,
					"start":	83.005545,
					"end":	84.006622,
					"seconds":	1.001077,
					"bytes":	131072,
					"bits_per_second":	1047447.964823,
					"jitter_ms":	0.094255,
					"lost_packets":	0,
					"packets":	16,
					"lost_percent":	0,
					"omitted":	false
				}],
			"sum":	{
				"start":	83.005545,
				"end":	84.006622,
				"seconds":	1.001077,
				"bytes":	131072,
				"bits_per_second":	1047447.964823,
				"jitter_ms":	0.094255,
				"lost_packets":	0,
				"packets":	16,
				"lost_percent":	0,
				"omitted":	false
			}
		}, {
			"streams":	[{
					"socket":	5,
					"start":	84.006622,
					"end":	85.000513,
					"seconds":	0.993891,
					"bytes":	131072,
					"bits_per_second":	1055021.123253,
					"jitter_ms":	0.090666,
					"lost_packets":	0,
					"packets":	16,
					"lost_percent":	0,
					"omitted":	false
				}],
			"sum":	{
				"start":	84.006622,
				"end":	85.000513,
				"seconds":	0.993891,
				"bytes":	131072,
				"bits_per_second":	1055021.123253,
				"jitter_ms":	0.090666,
				"lost_packets":	0,
				"packets":	16,
				"lost_percent":	0,
				"omitted":	false
			}
		}, {
			"streams":	[{
					"socket":	5,
					"start":	85.000513,
					"end":	86.000360,
					"seconds":	0.999847,
					"bytes":	131072,
					"bits_per_second":	1048736.274494,
					"jitter_ms":	0.082947,
					"lost_packets":	0,
					"packets":	16,
					"lost_percent":	0,
					"omitted":	false
				}],
			"sum":	{
				"start":	85.000513,
				"end":	86.000360,
				"seconds":	0.999847,
				"bytes":	131072,
				"bits_per_second":	1048736.274494,
				"jitter_ms":	0.082947,
				"lost_packets":	0,
				"packets":	16,
				"lost_percent":	0,
				"omitted":	false
			}
		}, {
			"streams":	[{
					"socket":	5,
					"start":	86.000360,
					"end":	87.000138,
					"seconds":	0.999778,
					"bytes":	131072,
					"bits_per_second":	1048808.801674,
					"jitter_ms":	0.069819,
					"lost_packets":	0,
					"packets":	16,
					"lost_percent":	0,
					"omitted":	false
				}],
			"sum":	{
				"start":	86.000360,
				"end":	87.000138,
				"seconds":	0.999778,
				"bytes":	131072,
				"bits_per_second":	1048808.801674,
				"jitter_ms":	0.069819,
				"lost_packets":	0,
				"packets":	16,
				"lost_percent":	0,
				"omitted":	false
			}
		}, {
			"streams":	[{
					"socket":	5,
					"start":	87.000138,
					"end":	88.000168,
					"seconds":	1.000030,
					"bytes":	131072,
					"bits_per_second":	1048544.750931,
					"jitter_ms":	0.086803,
					"lost_packets":	0,
					"packets":	16,
					"lost_percent":	0,
					"omitted":	false
				}],
			"sum":	{
				"start":	87.000138,
				"end":	88.000168,
				"seconds":	1.000030,
				"bytes":	131072,
				"bits_per_second":	1048544.750931,
				"jitter_ms":	0.086803,
				"lost_packets":	0,
				"packets":	16,
				"lost_percent":	0,
				"omitted":	false
			}
		}, {
			"streams":	[{
					"socket":	5,
					"start":	88.000168,
					"end":	89.000614,
					"seconds":	1.000446,
					"bytes":	131072,
					"bits_per_second":	1048108.458561,
					"jitter_ms":	0.110088,
					"lost_packets":	0,
					"packets":	16,
					"lost_percent":	0,
					"omitted":	false
				}],
			"sum":	{
				"start":	88.000168,
				"end":	89.000614,
				"seconds":	1.000446,
				"bytes":	131072,
				"bits_per_second":	1048108.458561,
				"jitter_ms":	0.110088,
				"lost_packets":	0,
				"packets":	16,
				"lost_percent":	0,
				"omitted":	false
			}
		}, {
			"streams":	[{
					"socket":	5,
					"start":	89.000614,
					"end":	90.015103,
					"seconds":	1.014489,
					"bytes":	131072,
					"bits_per_second":	1033600.232923,
					"jitter_ms":	0.135721,
					"lost_packets":	0,
					"packets":	16,
					"lost_percent":	0,
					"omitted":	false
				}],
			"sum":	{
				"start":	89.000614,
				"end":	90.015103,
				"seconds":	1.014489,
				"bytes":	131072,
				"bits_per_second":	1033600.232923,
				"jitter_ms":	0.135721,
				"lost_packets":	0,
				"packets":	16,
				"lost_percent":	0,
				"omitted":	false
			}
		}, {
			"streams":	[{
					"socket":	5,
					"start":	90.015103,
					"end":	91.000465,
					"seconds":	0.985362,
					"bytes":	131072,
					"bits_per_second":	1064153.015529,
					"jitter_ms":	0.121257,
					"lost_packets":	0,
					"packets":	16,
					"lost_percent":	0,
					"omitted":	false
				}],
			"sum":	{
				"start":	90.015103,
				"end":	91.000465,
				"seconds":	0.985362,
				"bytes":	131072,
				"bits_per_second":	1064153.015529,
				"jitter_ms":	0.121257,
				"lost_packets":	0,
				"packets":	16,
				"lost_percent":	0,
				"omitted":	false
			}
		}, {
			"streams":	[{
					"socket":	5,
					"start":	91.000465,
					"end":	92.000602,
					"seconds":	1.000137,
					"bytes":	131072,
					"bits_per_second":	1048432.269704,
					"jitter_ms":	0.127311,
					"lost_packets":	0,
					"packets":	16,
					"lost_percent":	0,
					"omitted":	false
				}],
			"sum":	{
				"start":	91.000465,
				"end":	92.000602,
				"seconds":	1.000137,
				"bytes":	131072,
				"bits_per_second":	1048432.269704,
				"jitter_ms":	0.127311,
				"lost_packets":	0,
				"packets":	16,
				"lost_percent":	0,
				"omitted":	false
			}
		}, {
			"streams":	[{
					"socket":	5,
					"start":	92.000602,
					"end":	93.000087,
					"seconds":	0.999485,
					"bytes":	131072,
					"bits_per_second":	1049116.278235,
					"jitter_ms":	0.101967,
					"lost_packets":	0,
					"packets":	16,
					"lost_percent":	0,
					"omitted":	false
				}],
			"sum":	{
				"start":	92.000602,
				"end":	93.000087,
				"seconds":	0.999485,
				"bytes":	131072,
				"bits_per_second":	1049116.278235,
				"jitter_ms":	0.101967,
				"lost_packets":	0,
				"packets":	16,
				"lost_percent":	0,
				"omitted":	false
			}
		}, {
			"streams":	[{
					"socket":	5,
					"start":	93.000087,
					"end":	94.000490,
					"seconds":	1.000403,
					"bytes":	131072,
					"bits_per_second":	1048153.670168,
					"jitter_ms":	0.116322,
					"lost_packets":	0,
					"packets":	16,
					"lost_percent":	0,
					"omitted":	false
				}],
			"sum":	{
				"start":	93.000087,
				"end":	94.000490,
				"seconds":	1.000403,
				"bytes":	131072,
				"bits_per_second":	1048153.670168,
				"jitter_ms":	0.116322,
				"lost_packets":	0,
				"packets":	16,
				"lost_percent":	0,
				"omitted":	false
			}
		}, {
			"streams":	[{
					"socket":	5,
					"start":	94.000490,
					"end":	95.000535,
					"seconds":	1.000045,
					"bytes":	131072,
					"bits_per_second":	1048528.752129,
					"jitter_ms":	0.132858,
					"lost_packets":	0,
					"packets":	16,
					"lost_percent":	0,
					"omitted":	false
				}],
			"sum":	{
				"start":	94.000490,
				"end":	95.000535,
				"seconds":	1.000045,
				"bytes":	131072,
				"bits_per_second":	1048528.752129,
				"jitter_ms":	0.132858,
				"lost_packets":	0,
				"packets":	16,
				"lost_percent":	0,
				"omitted":	false
			}
		}, {
			"streams":	[{
					"socket":	5,
					"start":	95.000535,
					"end":	96.002005,
					"seconds":	1.001470,
					"bytes":	131072,
					"bits_per_second":	1047037.012082,
					"jitter_ms":	0.109050,
					"lost_packets":	0,
					"packets":	16,
					"lost_percent":	0,
					"omitted":	false
				}],
			"sum":	{
				"start":	95.000535,
				"end":	96.002005,
				"seconds":	1.001470,
				"bytes":	131072,
				"bits_per_second":	1047037.012082,
				"jitter_ms":	0.109050,
				"lost_packets":	0,
				"packets":	16,
				"lost_percent":	0,
				"omitted":	false
			}
		}, {
			"streams":	[{
					"socket":	5,
					"start":	96.002005,
					"end":	97.000115,
					"seconds":	0.998110,
					"bytes":	131072,
					"bits_per_second":	1050561.502489,
					"jitter_ms":	0.089257,
					"lost_packets":	0,
					"packets":	16,
					"lost_percent":	0,
					"omitted":	false
				}],
			"sum":	{
				"start":	96.002005,
				"end":	97.000115,
				"seconds":	0.998110,
				"bytes":	131072,
				"bits_per_second":	1050561.502489,
				"jitter_ms":	0.089257,
				"lost_packets":	0,
				"packets":	16,
				"lost_percent":	0,
				"omitted":	false
			}
		}, {
			"streams":	[{
					"socket":	5,
					"start":	97.000115,
					"end":	98.000681,
					"seconds":	1.000566,
					"bytes":	131072,
					"bits_per_second":	1047982.835734,
					"jitter_ms":	0.081999,
					"lost_packets":	0,
					"packets":	16,
					"lost_percent":	0,
					"omitted":	false
				}],
			"sum":	{
				"start":	97.000115,
				"end":	98.000681,
				"seconds":	1.000566,
				"bytes":	131072,
				"bits_per_second":	1047982.835734,
				"jitter_ms":	0.081999,
				"lost_packets":	0,
				"packets":	16,
				"lost_percent":	0,
				"omitted":	false
			}
		}, {
			"streams":	[{
					"socket":	5,
					"start":	98.000681,
					"end":	99.000311,
					"seconds":	0.999630,
					"bytes":	131072,
					"bits_per_second":	1048964.143623,
					"jitter_ms":	0.090180,
					"lost_packets":	0,
					"packets":	16,
					"lost_percent":	0,
					"omitted":	false
				}],
			"sum":	{
				"start":	98.000681,
				"end":	99.000311,
				"seconds":	0.999630,
				"bytes":	131072,
				"bits_per_second":	1048964.143623,
				"jitter_ms":	0.090180,
				"lost_packets":	0,
				"packets":	16,
				"lost_percent":	0,
				"omitted":	false
			}
		}, {
			"streams":	[{
					"socket":	5,
					"start":	99.000311,
					"end":	100.000736,
					"seconds":	1.000425,
					"bytes":	131072,
					"bits_per_second":	1048130.439408,
					"jitter_ms":	0.118645,
					"lost_packets":	0,
					"packets":	16,
					"lost_percent":	0,
					"omitted":	false
				}],
			"sum":	{
				"start":	99.000311,
				"end":	100.000736,
				"seconds":	1.000425,
				"bytes":	131072,
				"bits_per_second":	1048130.439408,
				"jitter_ms":	0.118645,
				"lost_packets":	0,
				"packets":	16,
				"lost_percent":	0,
				"omitted":	false
			}
		}, {
			"streams":	[{
					"socket":	5,
					"start":	100.000736,
					"end":	100.047967,
					"seconds":	0.047231,
					"bytes":	8192,
					"bits_per_second":	1387564.459261,
					"jitter_ms":	0.337310,
					"lost_packets":	0,
					"packets":	1,
					"lost_percent":	0,
					"omitted":	false
				}],
			"sum":	{
				"start":	100.000736,
				"end":	100.047967,
				"seconds":	0.047231,
				"bytes":	8192,
				"bits_per_second":	1387564.459261,
				"jitter_ms":	0.337310,
				"lost_packets":	0,
				"packets":	1,
				"lost_percent":	0,
				"omitted":	false
			}
		}],
	"end":	{
		"streams":	[{
				"udp":	{
					"socket":	5,
					"start":	0,
					"end":	100.047967,
					"seconds":	100.047967,
					"bytes":	0,
					"bits_per_second":	0,
					"jitter_ms":	0.337310,
					"lost_packets":	0,
					"packets":	1600,
					"lost_percent":	0,
					"out_of_order":	0
				}
			}],
		"sum":	{
			"start":	0,
			"end":	100.047967,
			"seconds":	100.047967,
			"bytes":	0,
			"bits_per_second":	0,
			"jitter_ms":	0.337310,
			"lost_packets":	0,
			"packets":	1600,
			"lost_percent":	0
		},
		"cpu_utilization_percent":	{
			"host_total":	0.075493,
			"host_user":	0,
			"host_system":	0.075495,
			"remote_total":	0,
			"remote_user":	0,
			"remote_system":	0
		}
	}
}
{
	"start":	{
		"connected":	[],
		"version":	"iperf 3.1.3",
		"system_info":	"Linux wifi-VirtualBox 4.15.0-117-generic #118-Ubuntu SMP Fri Sep 4 20:02:41 UTC 2020 x86_64"
	},
	"intervals":	[],
	"end":	{
	},
	"error":	"interrupt - the server has terminated"
}
